Copyright 1986-2022 Xilinx, Inc. All Rights Reserved. Copyright 2022-2024 Advanced Micro Devices, Inc. All Rights Reserved.
----------------------------------------------------------------------------------------------------------------------------------------------------------------------
| Tool Version     : Vivado v.2024.1 (lin64) Build 5076996 Wed May 22 18:36:09 MDT 2024
| Date             : Wed Sep  4 16:26:07 2024
| Host             : correlator6.fnal.gov running 64-bit AlmaLinux release 9.4 (Shamrock Pampas Cat)
| Command          : report_power -file design_1_wrapper_power_routed.rpt -pb design_1_wrapper_power_summary_routed.pb -rpx design_1_wrapper_power_routed.rpx
| Design           : design_1_wrapper
| Device           : xc7z010clg400-1
| Design State     : routed
| Grade            : commercial
| Process          : typical
| Characterization : Production
----------------------------------------------------------------------------------------------------------------------------------------------------------------------

Power Report

Table of Contents
-----------------
1. Summary
1.1 On-Chip Components
1.2 Power Supply Summary
1.3 Confidence Level
2. Settings
2.1 Environment
2.2 Clock Constraints
3. Detailed Reports
3.1 By Hierarchy

1. Summary
----------

+--------------------------+--------------+
| Total On-Chip Power (W)  | 1.543        |
| Design Power Budget (W)  | Unspecified* |
| Power Budget Margin (W)  | NA           |
| Dynamic (W)              | 1.424        |
| Device Static (W)        | 0.119        |
| Effective TJA (C/W)      | 11.5         |
| Max Ambient (C)          | 67.2         |
| Junction Temperature (C) | 42.8         |
| Confidence Level         | Medium       |
| Setting File             | ---          |
| Simulation Activity File | ---          |
| Design Nets Matched      | NA           |
+--------------------------+--------------+
* Specify Design Power Budget using, set_operating_conditions -design_power_budget <value in Watts>


1.1 On-Chip Components
----------------------

+--------------------------+-----------+----------+-----------+-----------------+
| On-Chip                  | Power (W) | Used     | Available | Utilization (%) |
+--------------------------+-----------+----------+-----------+-----------------+
| Clocks                   |     0.023 |        6 |       --- |             --- |
| Slice Logic              |     0.004 |    11373 |       --- |             --- |
|   LUT as Logic           |     0.004 |     3898 |     17600 |           22.15 |
|   CARRY4                 |    <0.001 |      166 |      4400 |            3.77 |
|   Register               |    <0.001 |     5285 |     35200 |           15.01 |
|   F7/F8 Muxes            |    <0.001 |       11 |     17600 |            0.06 |
|   LUT as Shift Register  |    <0.001 |      202 |      6000 |            3.37 |
|   Others                 |     0.000 |      637 |       --- |             --- |
|   LUT as Distributed RAM |     0.000 |       26 |      6000 |            0.43 |
| Signals                  |     0.006 |     8068 |       --- |             --- |
| Block RAM                |    <0.001 |        6 |        60 |           10.00 |
| MMCM                     |     0.106 |        1 |         2 |           50.00 |
| I/O                      |    <0.001 |        2 |       100 |            2.00 |
| PS7                      |     1.284 |        1 |       --- |             --- |
| Static Power             |     0.119 |          |           |                 |
| Total                    |     1.543 |          |           |                 |
+--------------------------+-----------+----------+-----------+-----------------+


1.2 Power Supply Summary
------------------------

+-----------+-------------+-----------+-------------+------------+-------------+-------------+------------+
| Source    | Voltage (V) | Total (A) | Dynamic (A) | Static (A) | Powerup (A) | Budget (A)  | Margin (A) |
+-----------+-------------+-----------+-------------+------------+-------------+-------------+------------+
| Vccint    |       1.000 |     0.040 |       0.033 |      0.007 |       NA    | Unspecified | NA         |
| Vccaux    |       1.800 |     0.067 |       0.059 |      0.008 |       NA    | Unspecified | NA         |
| Vcco33    |       3.300 |     0.000 |       0.000 |      0.000 |       NA    | Unspecified | NA         |
| Vcco25    |       2.500 |     0.000 |       0.000 |      0.000 |       NA    | Unspecified | NA         |
| Vcco18    |       1.800 |     0.000 |       0.000 |      0.000 |       NA    | Unspecified | NA         |
| Vcco15    |       1.500 |     0.000 |       0.000 |      0.000 |       NA    | Unspecified | NA         |
| Vcco135   |       1.350 |     0.000 |       0.000 |      0.000 |       NA    | Unspecified | NA         |
| Vcco12    |       1.200 |     0.000 |       0.000 |      0.000 |       NA    | Unspecified | NA         |
| Vccaux_io |       1.800 |     0.000 |       0.000 |      0.000 |       NA    | Unspecified | NA         |
| Vccbram   |       1.000 |     0.001 |       0.000 |      0.001 |       NA    | Unspecified | NA         |
| MGTAVcc   |       1.000 |     0.000 |       0.000 |      0.000 |       NA    | Unspecified | NA         |
| MGTAVtt   |       1.200 |     0.000 |       0.000 |      0.000 |       NA    | Unspecified | NA         |
| MGTVccaux |       1.800 |     0.000 |       0.000 |      0.000 |       NA    | Unspecified | NA         |
| Vccpint   |       1.000 |     0.702 |       0.673 |      0.028 |       NA    | Unspecified | NA         |
| Vccpaux   |       1.800 |     0.037 |       0.027 |      0.010 |       NA    | Unspecified | NA         |
| Vccpll    |       1.800 |     0.017 |       0.014 |      0.003 |       NA    | Unspecified | NA         |
| Vcco_ddr  |       1.500 |     0.356 |       0.354 |      0.002 |       NA    | Unspecified | NA         |
| Vcco_mio0 |       3.300 |     0.001 |       0.000 |      0.001 |       NA    | Unspecified | NA         |
| Vcco_mio1 |       2.500 |     0.003 |       0.002 |      0.001 |       NA    | Unspecified | NA         |
| Vccadc    |       1.800 |     0.020 |       0.000 |      0.020 |       NA    | Unspecified | NA         |
+-----------+-------------+-----------+-------------+------------+-------------+-------------+------------+


1.3 Confidence Level
--------------------

+-----------------------------+------------+------------------------------------------------+------------------------------------------------------------------------------------------------------------+
| User Input Data             | Confidence | Details                                        | Action                                                                                                     |
+-----------------------------+------------+------------------------------------------------+------------------------------------------------------------------------------------------------------------+
| Design implementation state | High       | Design is routed                               |                                                                                                            |
| Clock nodes activity        | High       | User specified more than 95% of clocks         |                                                                                                            |
| I/O nodes activity          | High       | User specified more than 95% of inputs         |                                                                                                            |
| Internal nodes activity     | Medium     | User specified less than 25% of internal nodes | Provide missing internal nodes activity with simulation results or by editing the "By Resource Type" views |
| Device models               | High       | Device models are Production                   |                                                                                                            |
|                             |            |                                                |                                                                                                            |
| Overall confidence level    | Medium     |                                                |                                                                                                            |
+-----------------------------+------------+------------------------------------------------+------------------------------------------------------------------------------------------------------------+


2. Settings
-----------

2.1 Environment
---------------

+-----------------------+------------------------+
| Ambient Temp (C)      | 25.0                   |
| ThetaJA (C/W)         | 11.5                   |
| Airflow (LFM)         | 250                    |
| Heat Sink             | none                   |
| ThetaSA (C/W)         | 0.0                    |
| Board Selection       | medium (10"x10")       |
| # of Board Layers     | 8to11 (8 to 11 Layers) |
| Board Temperature (C) | 25.0                   |
+-----------------------+------------------------+


2.2 Clock Constraints
---------------------

+-----------------------------+----------------------------------------------------------------+-----------------+
| Clock                       | Domain                                                         | Constraint (ns) |
+-----------------------------+----------------------------------------------------------------+-----------------+
| adc_clk_p_i                 | adc_clk_p_i                                                    |             8.0 |
| clk_125_clk_bd_clk_wiz_0_0  | design_1_i/clk_0/U0/clk_wiz_0/inst/clk_125_clk_bd_clk_wiz_0_0  |             8.0 |
| clkfbout_clk_bd_clk_wiz_0_0 | design_1_i/clk_0/U0/clk_wiz_0/inst/clkfbout_clk_bd_clk_wiz_0_0 |             8.0 |
+-----------------------------+----------------------------------------------------------------+-----------------+


3. Detailed Reports
-------------------

3.1 By Hierarchy
----------------

+--------------------------+-----------+
| Name                     | Power (W) |
+--------------------------+-----------+
| design_1_wrapper         |     1.424 |
|   design_1_i             |     1.424 |
|     axi_dma_0            |     0.009 |
|       U0                 |     0.009 |
|     axi_dma_1            |     0.009 |
|       U0                 |     0.009 |
|     axi_interconnect_0   |     0.004 |
|       m00_couplers       |     0.001 |
|       xbar               |     0.002 |
|     axi_interconnect_1   |     0.008 |
|       s00_couplers       |     0.005 |
|       s00_mmu            |     0.002 |
|     clk_0                |     0.107 |
|       U0                 |     0.107 |
|     processing_system7_0 |     1.285 |
|       inst               |     1.285 |
+--------------------------+-----------+


