
*** Running vivado
    with args -log design_1_s03_mmu_0.vds -m64 -product Vivado -mode batch -messageDb vivado.pb -notrace -source design_1_s03_mmu_0.tcl


****** Vivado v2024.1 (64-bit)
  **** SW Build 5076996 on Wed May 22 18:36:09 MDT 2024
  **** IP Build 5075265 on Wed May 22 21:45:21 MDT 2024
  **** SharedData Build 5076995 on Wed May 22 18:29:18 MDT 2024
  **** Start of session at: Wed Sep  4 16:23:07 2024
    ** Copyright 1986-2022 Xilinx, Inc. All Rights Reserved.
    ** Copyright 2022-2024 Advanced Micro Devices, Inc. All Rights Reserved.

source design_1_s03_mmu_0.tcl -notrace
create_project: Time (s): cpu = 00:00:05 ; elapsed = 00:00:06 . Memory (MB): peak = 1655.086 ; gain = 20.836 ; free physical = 9981 ; free virtual = 89825
INFO: [IP_Flow 19-234] Refreshing IP repositories
INFO: [IP_Flow 19-1700] Loaded user IP repository '/home/faciraci/Modules/ipLib'.
INFO: [IP_Flow 19-2313] Loaded Vivado IP repository '/data/Xilinx/Vivado/2024.1/data/ip'.
INFO: [IP_Flow 19-6924] IPCACHE: Running cache check for IP inst: design_1_s03_mmu_0
Command: synth_design -top design_1_s03_mmu_0 -part xc7z010clg400-1 -incremental_mode off -mode out_of_context
Starting synth_design
Attempting to get a license for feature 'Synthesis' and/or device 'xc7z010'
INFO: [Common 17-349] Got license for feature 'Synthesis' and/or device 'xc7z010'
INFO: [Device 21-403] Loading part xc7z010clg400-1
INFO: [Device 21-9227] Part: xc7z010clg400-1 does not have CEAM library.
INFO: [Synth 8-7079] Multithreading enabled for synth_design using a maximum of 4 processes.
INFO: [Synth 8-7078] Launching helper process for spawning children vivado processes
INFO: [Synth 8-7075] Helper process launched with PID 822405
---------------------------------------------------------------------------------
Starting RTL Elaboration : Time (s): cpu = 00:00:04 ; elapsed = 00:00:05 . Memory (MB): peak = 2420.824 ; gain = 413.746 ; free physical = 6260 ; free virtual = 86111
---------------------------------------------------------------------------------
INFO: [Synth 8-6157] synthesizing module 'design_1_s03_mmu_0' [/home/faciraci/Documents/FPGAFermiLab/files/BoardFiles/streamAdder/streamAdder.gen/sources_1/bd/design_1/ip/design_1_s03_mmu_0/synth/design_1_s03_mmu_0.v:53]
INFO: [Synth 8-6157] synthesizing module 'axi_mmu_v2_1_29_top' [/home/faciraci/Documents/FPGAFermiLab/files/BoardFiles/streamAdder/streamAdder.gen/sources_1/bd/design_1/ipshared/b562/hdl/axi_mmu_v2_1_vl_rfs.v:553]
INFO: [Synth 8-6157] synthesizing module 'axi_mmu_v2_1_29_addr_decoder' [/home/faciraci/Documents/FPGAFermiLab/files/BoardFiles/streamAdder/streamAdder.gen/sources_1/bd/design_1/ipshared/b562/hdl/axi_mmu_v2_1_vl_rfs.v:61]
INFO: [Synth 8-6155] done synthesizing module 'axi_mmu_v2_1_29_addr_decoder' (0#1) [/home/faciraci/Documents/FPGAFermiLab/files/BoardFiles/streamAdder/streamAdder.gen/sources_1/bd/design_1/ipshared/b562/hdl/axi_mmu_v2_1_vl_rfs.v:61]
INFO: [Synth 8-6157] synthesizing module 'axi_mmu_v2_1_29_decerr_slave' [/home/faciraci/Documents/FPGAFermiLab/files/BoardFiles/streamAdder/streamAdder.gen/sources_1/bd/design_1/ipshared/b562/hdl/axi_mmu_v2_1_vl_rfs.v:198]
INFO: [Synth 8-6155] done synthesizing module 'axi_mmu_v2_1_29_decerr_slave' (0#1) [/home/faciraci/Documents/FPGAFermiLab/files/BoardFiles/streamAdder/streamAdder.gen/sources_1/bd/design_1/ipshared/b562/hdl/axi_mmu_v2_1_vl_rfs.v:198]
INFO: [Synth 8-6157] synthesizing module 'axi_register_slice_v2_1_31_axi_register_slice' [/home/faciraci/Documents/FPGAFermiLab/files/BoardFiles/streamAdder/streamAdder.gen/sources_1/bd/design_1/ipshared/92b2/hdl/axi_register_slice_v2_1_vl_rfs.v:3718]
INFO: [Synth 8-6157] synthesizing module 'axi_infrastructure_v1_1_0_axi2vector' [/home/faciraci/Documents/FPGAFermiLab/files/BoardFiles/streamAdder/streamAdder.gen/sources_1/bd/design_1/ipshared/ec67/hdl/axi_infrastructure_v1_1_vl_rfs.v:59]
INFO: [Synth 8-6155] done synthesizing module 'axi_infrastructure_v1_1_0_axi2vector' (0#1) [/home/faciraci/Documents/FPGAFermiLab/files/BoardFiles/streamAdder/streamAdder.gen/sources_1/bd/design_1/ipshared/ec67/hdl/axi_infrastructure_v1_1_vl_rfs.v:59]
INFO: [Synth 8-6157] synthesizing module 'axi_infrastructure_v1_1_0_vector2axi' [/home/faciraci/Documents/FPGAFermiLab/files/BoardFiles/streamAdder/streamAdder.gen/sources_1/bd/design_1/ipshared/ec67/hdl/axi_infrastructure_v1_1_vl_rfs.v:473]
INFO: [Synth 8-6155] done synthesizing module 'axi_infrastructure_v1_1_0_vector2axi' (0#1) [/home/faciraci/Documents/FPGAFermiLab/files/BoardFiles/streamAdder/streamAdder.gen/sources_1/bd/design_1/ipshared/ec67/hdl/axi_infrastructure_v1_1_vl_rfs.v:473]
INFO: [Synth 8-6157] synthesizing module 'axi_register_slice_v2_1_31_axic_register_slice' [/home/faciraci/Documents/FPGAFermiLab/files/BoardFiles/streamAdder/streamAdder.gen/sources_1/bd/design_1/ipshared/92b2/hdl/axi_register_slice_v2_1_vl_rfs.v:1492]
INFO: [Synth 8-6155] done synthesizing module 'axi_register_slice_v2_1_31_axic_register_slice' (0#1) [/home/faciraci/Documents/FPGAFermiLab/files/BoardFiles/streamAdder/streamAdder.gen/sources_1/bd/design_1/ipshared/92b2/hdl/axi_register_slice_v2_1_vl_rfs.v:1492]
INFO: [Synth 8-6157] synthesizing module 'axi_register_slice_v2_1_31_axic_register_slice__parameterized0' [/home/faciraci/Documents/FPGAFermiLab/files/BoardFiles/streamAdder/streamAdder.gen/sources_1/bd/design_1/ipshared/92b2/hdl/axi_register_slice_v2_1_vl_rfs.v:1492]
INFO: [Synth 8-6155] done synthesizing module 'axi_register_slice_v2_1_31_axic_register_slice__parameterized0' (0#1) [/home/faciraci/Documents/FPGAFermiLab/files/BoardFiles/streamAdder/streamAdder.gen/sources_1/bd/design_1/ipshared/92b2/hdl/axi_register_slice_v2_1_vl_rfs.v:1492]
INFO: [Synth 8-6157] synthesizing module 'axi_register_slice_v2_1_31_axic_register_slice__parameterized1' [/home/faciraci/Documents/FPGAFermiLab/files/BoardFiles/streamAdder/streamAdder.gen/sources_1/bd/design_1/ipshared/92b2/hdl/axi_register_slice_v2_1_vl_rfs.v:1492]
INFO: [Synth 8-6155] done synthesizing module 'axi_register_slice_v2_1_31_axic_register_slice__parameterized1' (0#1) [/home/faciraci/Documents/FPGAFermiLab/files/BoardFiles/streamAdder/streamAdder.gen/sources_1/bd/design_1/ipshared/92b2/hdl/axi_register_slice_v2_1_vl_rfs.v:1492]
INFO: [Synth 8-6157] synthesizing module 'axi_register_slice_v2_1_31_axic_register_slice__parameterized2' [/home/faciraci/Documents/FPGAFermiLab/files/BoardFiles/streamAdder/streamAdder.gen/sources_1/bd/design_1/ipshared/92b2/hdl/axi_register_slice_v2_1_vl_rfs.v:1492]
INFO: [Synth 8-6155] done synthesizing module 'axi_register_slice_v2_1_31_axic_register_slice__parameterized2' (0#1) [/home/faciraci/Documents/FPGAFermiLab/files/BoardFiles/streamAdder/streamAdder.gen/sources_1/bd/design_1/ipshared/92b2/hdl/axi_register_slice_v2_1_vl_rfs.v:1492]
INFO: [Synth 8-6157] synthesizing module 'axi_register_slice_v2_1_31_axic_register_slice__parameterized3' [/home/faciraci/Documents/FPGAFermiLab/files/BoardFiles/streamAdder/streamAdder.gen/sources_1/bd/design_1/ipshared/92b2/hdl/axi_register_slice_v2_1_vl_rfs.v:1492]
INFO: [Synth 8-6155] done synthesizing module 'axi_register_slice_v2_1_31_axic_register_slice__parameterized3' (0#1) [/home/faciraci/Documents/FPGAFermiLab/files/BoardFiles/streamAdder/streamAdder.gen/sources_1/bd/design_1/ipshared/92b2/hdl/axi_register_slice_v2_1_vl_rfs.v:1492]
INFO: [Synth 8-6155] done synthesizing module 'axi_register_slice_v2_1_31_axi_register_slice' (0#1) [/home/faciraci/Documents/FPGAFermiLab/files/BoardFiles/streamAdder/streamAdder.gen/sources_1/bd/design_1/ipshared/92b2/hdl/axi_register_slice_v2_1_vl_rfs.v:3718]
WARNING: [Synth 8-7071] port 'aclk2x' of module 'axi_register_slice_v2_1_31_axi_register_slice' is unconnected for instance 'register_slice_inst' [/home/faciraci/Documents/FPGAFermiLab/files/BoardFiles/streamAdder/streamAdder.gen/sources_1/bd/design_1/ipshared/b562/hdl/axi_mmu_v2_1_vl_rfs.v:1169]
WARNING: [Synth 8-7023] instance 'register_slice_inst' of module 'axi_register_slice_v2_1_31_axi_register_slice' has 93 connections declared, but only 92 given [/home/faciraci/Documents/FPGAFermiLab/files/BoardFiles/streamAdder/streamAdder.gen/sources_1/bd/design_1/ipshared/b562/hdl/axi_mmu_v2_1_vl_rfs.v:1169]
INFO: [Synth 8-6155] done synthesizing module 'axi_mmu_v2_1_29_top' (0#1) [/home/faciraci/Documents/FPGAFermiLab/files/BoardFiles/streamAdder/streamAdder.gen/sources_1/bd/design_1/ipshared/b562/hdl/axi_mmu_v2_1_vl_rfs.v:553]
INFO: [Synth 8-6155] done synthesizing module 'design_1_s03_mmu_0' (0#1) [/home/faciraci/Documents/FPGAFermiLab/files/BoardFiles/streamAdder/streamAdder.gen/sources_1/bd/design_1/ip/design_1_s03_mmu_0/synth/design_1_s03_mmu_0.v:53]
WARNING: [Synth 8-7129] Port ACLK in module axi_register_slice_v2_1_31_axic_register_slice__parameterized3 is either unconnected or has no load
WARNING: [Synth 8-7129] Port ARESET in module axi_register_slice_v2_1_31_axic_register_slice__parameterized3 is either unconnected or has no load
WARNING: [Synth 8-7129] Port ACLK in module axi_register_slice_v2_1_31_axic_register_slice__parameterized1 is either unconnected or has no load
WARNING: [Synth 8-7129] Port ARESET in module axi_register_slice_v2_1_31_axic_register_slice__parameterized1 is either unconnected or has no load
WARNING: [Synth 8-7129] Port ACLK in module axi_register_slice_v2_1_31_axic_register_slice__parameterized0 is either unconnected or has no load
WARNING: [Synth 8-7129] Port ARESET in module axi_register_slice_v2_1_31_axic_register_slice__parameterized0 is either unconnected or has no load
WARNING: [Synth 8-7129] Port ACLK in module axi_register_slice_v2_1_31_axic_register_slice is either unconnected or has no load
WARNING: [Synth 8-7129] Port ARESET in module axi_register_slice_v2_1_31_axic_register_slice is either unconnected or has no load
WARNING: [Synth 8-7129] Port m_axi_buser[0] in module axi_infrastructure_v1_1_0_vector2axi is either unconnected or has no load
WARNING: [Synth 8-7129] Port m_axi_ruser[0] in module axi_infrastructure_v1_1_0_vector2axi is either unconnected or has no load
WARNING: [Synth 8-7129] Port s_axi_awuser[0] in module axi_infrastructure_v1_1_0_axi2vector is either unconnected or has no load
WARNING: [Synth 8-7129] Port s_axi_wid[0] in module axi_infrastructure_v1_1_0_axi2vector is either unconnected or has no load
WARNING: [Synth 8-7129] Port s_axi_wuser[0] in module axi_infrastructure_v1_1_0_axi2vector is either unconnected or has no load
WARNING: [Synth 8-7129] Port s_axi_aruser[0] in module axi_infrastructure_v1_1_0_axi2vector is either unconnected or has no load
WARNING: [Synth 8-7129] Port aclk2x in module axi_register_slice_v2_1_31_axi_register_slice is either unconnected or has no load
WARNING: [Synth 8-7129] Port s_axi_awid[0] in module axi_mmu_v2_1_29_decerr_slave is either unconnected or has no load
WARNING: [Synth 8-7129] Port s_axi_awvalid in module axi_mmu_v2_1_29_decerr_slave is either unconnected or has no load
WARNING: [Synth 8-7129] Port s_axi_wlast in module axi_mmu_v2_1_29_decerr_slave is either unconnected or has no load
WARNING: [Synth 8-7129] Port s_axi_wvalid in module axi_mmu_v2_1_29_decerr_slave is either unconnected or has no load
WARNING: [Synth 8-7129] Port s_axi_bready in module axi_mmu_v2_1_29_decerr_slave is either unconnected or has no load
WARNING: [Synth 8-7129] Port addr[31] in module axi_mmu_v2_1_29_addr_decoder is either unconnected or has no load
WARNING: [Synth 8-7129] Port addr[30] in module axi_mmu_v2_1_29_addr_decoder is either unconnected or has no load
WARNING: [Synth 8-7129] Port addr[29] in module axi_mmu_v2_1_29_addr_decoder is either unconnected or has no load
WARNING: [Synth 8-7129] Port addr[28] in module axi_mmu_v2_1_29_addr_decoder is either unconnected or has no load
WARNING: [Synth 8-7129] Port addr[27] in module axi_mmu_v2_1_29_addr_decoder is either unconnected or has no load
WARNING: [Synth 8-7129] Port addr[26] in module axi_mmu_v2_1_29_addr_decoder is either unconnected or has no load
WARNING: [Synth 8-7129] Port addr[25] in module axi_mmu_v2_1_29_addr_decoder is either unconnected or has no load
WARNING: [Synth 8-7129] Port addr[24] in module axi_mmu_v2_1_29_addr_decoder is either unconnected or has no load
WARNING: [Synth 8-7129] Port addr[23] in module axi_mmu_v2_1_29_addr_decoder is either unconnected or has no load
WARNING: [Synth 8-7129] Port addr[22] in module axi_mmu_v2_1_29_addr_decoder is either unconnected or has no load
WARNING: [Synth 8-7129] Port addr[21] in module axi_mmu_v2_1_29_addr_decoder is either unconnected or has no load
WARNING: [Synth 8-7129] Port addr[20] in module axi_mmu_v2_1_29_addr_decoder is either unconnected or has no load
WARNING: [Synth 8-7129] Port addr[19] in module axi_mmu_v2_1_29_addr_decoder is either unconnected or has no load
WARNING: [Synth 8-7129] Port addr[18] in module axi_mmu_v2_1_29_addr_decoder is either unconnected or has no load
WARNING: [Synth 8-7129] Port addr[17] in module axi_mmu_v2_1_29_addr_decoder is either unconnected or has no load
WARNING: [Synth 8-7129] Port addr[16] in module axi_mmu_v2_1_29_addr_decoder is either unconnected or has no load
WARNING: [Synth 8-7129] Port addr[15] in module axi_mmu_v2_1_29_addr_decoder is either unconnected or has no load
WARNING: [Synth 8-7129] Port addr[14] in module axi_mmu_v2_1_29_addr_decoder is either unconnected or has no load
WARNING: [Synth 8-7129] Port addr[13] in module axi_mmu_v2_1_29_addr_decoder is either unconnected or has no load
WARNING: [Synth 8-7129] Port addr[12] in module axi_mmu_v2_1_29_addr_decoder is either unconnected or has no load
WARNING: [Synth 8-7129] Port addr[11] in module axi_mmu_v2_1_29_addr_decoder is either unconnected or has no load
WARNING: [Synth 8-7129] Port addr[10] in module axi_mmu_v2_1_29_addr_decoder is either unconnected or has no load
WARNING: [Synth 8-7129] Port addr[9] in module axi_mmu_v2_1_29_addr_decoder is either unconnected or has no load
WARNING: [Synth 8-7129] Port addr[8] in module axi_mmu_v2_1_29_addr_decoder is either unconnected or has no load
WARNING: [Synth 8-7129] Port addr[7] in module axi_mmu_v2_1_29_addr_decoder is either unconnected or has no load
WARNING: [Synth 8-7129] Port addr[6] in module axi_mmu_v2_1_29_addr_decoder is either unconnected or has no load
WARNING: [Synth 8-7129] Port addr[5] in module axi_mmu_v2_1_29_addr_decoder is either unconnected or has no load
WARNING: [Synth 8-7129] Port addr[4] in module axi_mmu_v2_1_29_addr_decoder is either unconnected or has no load
WARNING: [Synth 8-7129] Port addr[3] in module axi_mmu_v2_1_29_addr_decoder is either unconnected or has no load
WARNING: [Synth 8-7129] Port addr[2] in module axi_mmu_v2_1_29_addr_decoder is either unconnected or has no load
WARNING: [Synth 8-7129] Port addr[1] in module axi_mmu_v2_1_29_addr_decoder is either unconnected or has no load
WARNING: [Synth 8-7129] Port addr[0] in module axi_mmu_v2_1_29_addr_decoder is either unconnected or has no load
WARNING: [Synth 8-7129] Port s_axi_awid[0] in module axi_mmu_v2_1_29_top is either unconnected or has no load
WARNING: [Synth 8-7129] Port s_axi_awaddr[31] in module axi_mmu_v2_1_29_top is either unconnected or has no load
WARNING: [Synth 8-7129] Port s_axi_awaddr[30] in module axi_mmu_v2_1_29_top is either unconnected or has no load
WARNING: [Synth 8-7129] Port s_axi_awaddr[29] in module axi_mmu_v2_1_29_top is either unconnected or has no load
WARNING: [Synth 8-7129] Port s_axi_awaddr[28] in module axi_mmu_v2_1_29_top is either unconnected or has no load
WARNING: [Synth 8-7129] Port s_axi_awaddr[27] in module axi_mmu_v2_1_29_top is either unconnected or has no load
WARNING: [Synth 8-7129] Port s_axi_awaddr[26] in module axi_mmu_v2_1_29_top is either unconnected or has no load
WARNING: [Synth 8-7129] Port s_axi_awaddr[25] in module axi_mmu_v2_1_29_top is either unconnected or has no load
WARNING: [Synth 8-7129] Port s_axi_awaddr[24] in module axi_mmu_v2_1_29_top is either unconnected or has no load
WARNING: [Synth 8-7129] Port s_axi_awaddr[23] in module axi_mmu_v2_1_29_top is either unconnected or has no load
WARNING: [Synth 8-7129] Port s_axi_awaddr[22] in module axi_mmu_v2_1_29_top is either unconnected or has no load
WARNING: [Synth 8-7129] Port s_axi_awaddr[21] in module axi_mmu_v2_1_29_top is either unconnected or has no load
WARNING: [Synth 8-7129] Port s_axi_awaddr[20] in module axi_mmu_v2_1_29_top is either unconnected or has no load
WARNING: [Synth 8-7129] Port s_axi_awaddr[19] in module axi_mmu_v2_1_29_top is either unconnected or has no load
WARNING: [Synth 8-7129] Port s_axi_awaddr[18] in module axi_mmu_v2_1_29_top is either unconnected or has no load
WARNING: [Synth 8-7129] Port s_axi_awaddr[17] in module axi_mmu_v2_1_29_top is either unconnected or has no load
WARNING: [Synth 8-7129] Port s_axi_awaddr[16] in module axi_mmu_v2_1_29_top is either unconnected or has no load
WARNING: [Synth 8-7129] Port s_axi_awaddr[15] in module axi_mmu_v2_1_29_top is either unconnected or has no load
WARNING: [Synth 8-7129] Port s_axi_awaddr[14] in module axi_mmu_v2_1_29_top is either unconnected or has no load
WARNING: [Synth 8-7129] Port s_axi_awaddr[13] in module axi_mmu_v2_1_29_top is either unconnected or has no load
WARNING: [Synth 8-7129] Port s_axi_awaddr[12] in module axi_mmu_v2_1_29_top is either unconnected or has no load
WARNING: [Synth 8-7129] Port s_axi_awaddr[11] in module axi_mmu_v2_1_29_top is either unconnected or has no load
WARNING: [Synth 8-7129] Port s_axi_awaddr[10] in module axi_mmu_v2_1_29_top is either unconnected or has no load
WARNING: [Synth 8-7129] Port s_axi_awaddr[9] in module axi_mmu_v2_1_29_top is either unconnected or has no load
WARNING: [Synth 8-7129] Port s_axi_awaddr[8] in module axi_mmu_v2_1_29_top is either unconnected or has no load
WARNING: [Synth 8-7129] Port s_axi_awaddr[7] in module axi_mmu_v2_1_29_top is either unconnected or has no load
WARNING: [Synth 8-7129] Port s_axi_awaddr[6] in module axi_mmu_v2_1_29_top is either unconnected or has no load
WARNING: [Synth 8-7129] Port s_axi_awaddr[5] in module axi_mmu_v2_1_29_top is either unconnected or has no load
WARNING: [Synth 8-7129] Port s_axi_awaddr[4] in module axi_mmu_v2_1_29_top is either unconnected or has no load
WARNING: [Synth 8-7129] Port s_axi_awaddr[3] in module axi_mmu_v2_1_29_top is either unconnected or has no load
WARNING: [Synth 8-7129] Port s_axi_awaddr[2] in module axi_mmu_v2_1_29_top is either unconnected or has no load
WARNING: [Synth 8-7129] Port s_axi_awaddr[1] in module axi_mmu_v2_1_29_top is either unconnected or has no load
WARNING: [Synth 8-7129] Port s_axi_awaddr[0] in module axi_mmu_v2_1_29_top is either unconnected or has no load
WARNING: [Synth 8-7129] Port s_axi_awlen[7] in module axi_mmu_v2_1_29_top is either unconnected or has no load
WARNING: [Synth 8-7129] Port s_axi_awlen[6] in module axi_mmu_v2_1_29_top is either unconnected or has no load
WARNING: [Synth 8-7129] Port s_axi_awlen[5] in module axi_mmu_v2_1_29_top is either unconnected or has no load
WARNING: [Synth 8-7129] Port s_axi_awlen[4] in module axi_mmu_v2_1_29_top is either unconnected or has no load
WARNING: [Synth 8-7129] Port s_axi_awlen[3] in module axi_mmu_v2_1_29_top is either unconnected or has no load
WARNING: [Synth 8-7129] Port s_axi_awlen[2] in module axi_mmu_v2_1_29_top is either unconnected or has no load
WARNING: [Synth 8-7129] Port s_axi_awlen[1] in module axi_mmu_v2_1_29_top is either unconnected or has no load
WARNING: [Synth 8-7129] Port s_axi_awlen[0] in module axi_mmu_v2_1_29_top is either unconnected or has no load
WARNING: [Synth 8-7129] Port s_axi_awsize[2] in module axi_mmu_v2_1_29_top is either unconnected or has no load
WARNING: [Synth 8-7129] Port s_axi_awsize[1] in module axi_mmu_v2_1_29_top is either unconnected or has no load
WARNING: [Synth 8-7129] Port s_axi_awsize[0] in module axi_mmu_v2_1_29_top is either unconnected or has no load
WARNING: [Synth 8-7129] Port s_axi_awburst[1] in module axi_mmu_v2_1_29_top is either unconnected or has no load
WARNING: [Synth 8-7129] Port s_axi_awburst[0] in module axi_mmu_v2_1_29_top is either unconnected or has no load
WARNING: [Synth 8-7129] Port s_axi_awlock[0] in module axi_mmu_v2_1_29_top is either unconnected or has no load
WARNING: [Synth 8-7129] Port s_axi_awcache[3] in module axi_mmu_v2_1_29_top is either unconnected or has no load
INFO: [Common 17-14] Message 'Synth 8-7129' appears 100 times and further instances of the messages will be disabled. Use the Tcl command set_msg_config to change the current settings.
---------------------------------------------------------------------------------
Finished RTL Elaboration : Time (s): cpu = 00:00:06 ; elapsed = 00:00:06 . Memory (MB): peak = 2512.793 ; gain = 505.715 ; free physical = 5667 ; free virtual = 85521
---------------------------------------------------------------------------------
---------------------------------------------------------------------------------
Start Handling Custom Attributes
---------------------------------------------------------------------------------
---------------------------------------------------------------------------------
Finished Handling Custom Attributes : Time (s): cpu = 00:00:06 ; elapsed = 00:00:06 . Memory (MB): peak = 2524.668 ; gain = 517.590 ; free physical = 5655 ; free virtual = 85508
---------------------------------------------------------------------------------
---------------------------------------------------------------------------------
Finished RTL Optimization Phase 1 : Time (s): cpu = 00:00:06 ; elapsed = 00:00:06 . Memory (MB): peak = 2524.668 ; gain = 517.590 ; free physical = 5655 ; free virtual = 85508
---------------------------------------------------------------------------------
Netlist sorting complete. Time (s): cpu = 00:00:00 ; elapsed = 00:00:00 . Memory (MB): peak = 2524.668 ; gain = 0.000 ; free physical = 5642 ; free virtual = 85495
INFO: [Project 1-570] Preparing netlist for logic optimization

Processing XDC Constraints
Initializing timing engine
Parsing XDC File [/home/faciraci/Documents/FPGAFermiLab/files/BoardFiles/streamAdder/streamAdder.gen/sources_1/bd/design_1/ip/design_1_s03_mmu_0/design_1_s03_mmu_0_ooc.xdc] for cell 'inst'
Finished Parsing XDC File [/home/faciraci/Documents/FPGAFermiLab/files/BoardFiles/streamAdder/streamAdder.gen/sources_1/bd/design_1/ip/design_1_s03_mmu_0/design_1_s03_mmu_0_ooc.xdc] for cell 'inst'
Parsing XDC File [/home/faciraci/Documents/FPGAFermiLab/files/BoardFiles/streamAdder/streamAdder.runs/design_1_s03_mmu_0_synth_1/dont_touch.xdc]
Finished Parsing XDC File [/home/faciraci/Documents/FPGAFermiLab/files/BoardFiles/streamAdder/streamAdder.runs/design_1_s03_mmu_0_synth_1/dont_touch.xdc]
Completed Processing XDC Constraints

Netlist sorting complete. Time (s): cpu = 00:00:00 ; elapsed = 00:00:00 . Memory (MB): peak = 2667.449 ; gain = 0.000 ; free physical = 5454 ; free virtual = 85308
INFO: [Project 1-111] Unisim Transformation Summary:
No Unisim elements were transformed.

Constraint Validation Runtime : Time (s): cpu = 00:00:00.02 ; elapsed = 00:00:00.02 . Memory (MB): peak = 2667.449 ; gain = 0.000 ; free physical = 5446 ; free virtual = 85299
INFO: [Designutils 20-5008] Incremental synthesis strategy off
---------------------------------------------------------------------------------
Finished Constraint Validation : Time (s): cpu = 00:00:12 ; elapsed = 00:00:12 . Memory (MB): peak = 2667.449 ; gain = 660.371 ; free physical = 5289 ; free virtual = 85143
---------------------------------------------------------------------------------
---------------------------------------------------------------------------------
Start Loading Part and Timing Information
---------------------------------------------------------------------------------
Loading part: xc7z010clg400-1
---------------------------------------------------------------------------------
Finished Loading Part and Timing Information : Time (s): cpu = 00:00:12 ; elapsed = 00:00:12 . Memory (MB): peak = 2675.453 ; gain = 668.375 ; free physical = 5285 ; free virtual = 85140
---------------------------------------------------------------------------------
---------------------------------------------------------------------------------
Start Applying 'set_property' XDC Constraints
---------------------------------------------------------------------------------
Applied set_property KEEP_HIERARCHY = SOFT for inst. (constraint file  /home/faciraci/Documents/FPGAFermiLab/files/BoardFiles/streamAdder/streamAdder.runs/design_1_s03_mmu_0_synth_1/dont_touch.xdc, line 9).
---------------------------------------------------------------------------------
Finished applying 'set_property' XDC Constraints : Time (s): cpu = 00:00:12 ; elapsed = 00:00:12 . Memory (MB): peak = 2675.453 ; gain = 668.375 ; free physical = 5274 ; free virtual = 85129
---------------------------------------------------------------------------------
INFO: [Synth 8-802] inferred FSM for state register 'gen_read.r_state_reg' in module 'axi_mmu_v2_1_29_top'
---------------------------------------------------------------------------------------------------
                   State |                     New Encoding |                Previous Encoding 
---------------------------------------------------------------------------------------------------
                  iSTATE |                              001 |                              000
*
               R_PENDING |                              010 |                              001
                R_DECERR |                              100 |                              011
---------------------------------------------------------------------------------------------------
INFO: [Synth 8-3354] encoded FSM with state register 'gen_read.r_state_reg' using encoding 'one-hot' in module 'axi_mmu_v2_1_29_top'
---------------------------------------------------------------------------------
Finished RTL Optimization Phase 2 : Time (s): cpu = 00:00:12 ; elapsed = 00:00:12 . Memory (MB): peak = 2675.453 ; gain = 668.375 ; free physical = 5099 ; free virtual = 84954
---------------------------------------------------------------------------------
---------------------------------------------------------------------------------
Start RTL Component Statistics 
---------------------------------------------------------------------------------
Detailed RTL Component Info : 
+---Adders : 
	   2 Input    8 Bit       Adders := 1     
	   2 Input    6 Bit       Adders := 1     
+---Registers : 
	               63 Bit    Registers := 1     
	                8 Bit    Registers := 1     
	                6 Bit    Registers := 1     
	                2 Bit    Registers := 2     
	                1 Bit    Registers := 6     
+---Muxes : 
	   2 Input   64 Bit        Muxes := 1     
	   2 Input    8 Bit        Muxes := 1     
	   3 Input    3 Bit        Muxes := 1     
	   2 Input    3 Bit        Muxes := 1     
	   2 Input    2 Bit        Muxes := 2     
	   2 Input    1 Bit        Muxes := 19    
	   3 Input    1 Bit        Muxes := 2     
---------------------------------------------------------------------------------
Finished RTL Component Statistics 
---------------------------------------------------------------------------------
---------------------------------------------------------------------------------
Start Part Resource Summary
---------------------------------------------------------------------------------
Part Resources:
DSPs: 80 (col length:40)
BRAMs: 120 (col length: RAMB18 40 RAMB36 20)
---------------------------------------------------------------------------------
Finished Part Resource Summary
---------------------------------------------------------------------------------
---------------------------------------------------------------------------------
Start Cross Boundary and Area Optimization
---------------------------------------------------------------------------------
WARNING: [Synth 8-7080] Parallel synthesis criteria is not met
INFO: [Synth 8-3936] Found unconnected internal register 'register_slice_inst/ar.ar_pipe/m_payload_i_reg' and it is trimmed from '63' to '59' bits. [/home/faciraci/Documents/FPGAFermiLab/files/BoardFiles/streamAdder/streamAdder.gen/sources_1/bd/design_1/ipshared/92b2/hdl/axi_register_slice_v2_1_vl_rfs.v:2092]
INFO: [Synth 8-3332] Sequential element (FSM_onehot_gen_read.r_state_reg[0]) is unused and will be removed from module axi_mmu_v2_1_29_top.
---------------------------------------------------------------------------------
Finished Cross Boundary and Area Optimization : Time (s): cpu = 00:00:13 ; elapsed = 00:00:13 . Memory (MB): peak = 2675.453 ; gain = 668.375 ; free physical = 4499 ; free virtual = 84357
---------------------------------------------------------------------------------
---------------------------------------------------------------------------------
Start Applying XDC Timing Constraints
---------------------------------------------------------------------------------
---------------------------------------------------------------------------------
Finished Applying XDC Timing Constraints : Time (s): cpu = 00:00:18 ; elapsed = 00:00:19 . Memory (MB): peak = 2675.453 ; gain = 668.375 ; free physical = 2190 ; free virtual = 82039
---------------------------------------------------------------------------------
---------------------------------------------------------------------------------
Start Timing Optimization
---------------------------------------------------------------------------------
---------------------------------------------------------------------------------
Finished Timing Optimization : Time (s): cpu = 00:00:18 ; elapsed = 00:00:19 . Memory (MB): peak = 2675.453 ; gain = 668.375 ; free physical = 2184 ; free virtual = 82034
---------------------------------------------------------------------------------
---------------------------------------------------------------------------------
Start Technology Mapping
---------------------------------------------------------------------------------
---------------------------------------------------------------------------------
Finished Technology Mapping : Time (s): cpu = 00:00:19 ; elapsed = 00:00:19 . Memory (MB): peak = 2675.453 ; gain = 668.375 ; free physical = 2178 ; free virtual = 82028
---------------------------------------------------------------------------------
---------------------------------------------------------------------------------
Start IO Insertion
---------------------------------------------------------------------------------
---------------------------------------------------------------------------------
Start Flattening Before IO Insertion
---------------------------------------------------------------------------------
---------------------------------------------------------------------------------
Finished Flattening Before IO Insertion
---------------------------------------------------------------------------------
---------------------------------------------------------------------------------
Start Final Netlist Cleanup
---------------------------------------------------------------------------------
---------------------------------------------------------------------------------
Finished Final Netlist Cleanup
---------------------------------------------------------------------------------
---------------------------------------------------------------------------------
Finished IO Insertion : Time (s): cpu = 00:00:22 ; elapsed = 00:00:22 . Memory (MB): peak = 2675.453 ; gain = 668.375 ; free physical = 2365 ; free virtual = 82215
---------------------------------------------------------------------------------
---------------------------------------------------------------------------------
Start Renaming Generated Instances
---------------------------------------------------------------------------------
---------------------------------------------------------------------------------
Finished Renaming Generated Instances : Time (s): cpu = 00:00:22 ; elapsed = 00:00:22 . Memory (MB): peak = 2675.453 ; gain = 668.375 ; free physical = 2365 ; free virtual = 82215
---------------------------------------------------------------------------------
---------------------------------------------------------------------------------
Start Rebuilding User Hierarchy
---------------------------------------------------------------------------------
---------------------------------------------------------------------------------
Finished Rebuilding User Hierarchy : Time (s): cpu = 00:00:22 ; elapsed = 00:00:22 . Memory (MB): peak = 2675.453 ; gain = 668.375 ; free physical = 2365 ; free virtual = 82215
---------------------------------------------------------------------------------
---------------------------------------------------------------------------------
Start Renaming Generated Ports
---------------------------------------------------------------------------------
---------------------------------------------------------------------------------
Finished Renaming Generated Ports : Time (s): cpu = 00:00:22 ; elapsed = 00:00:22 . Memory (MB): peak = 2675.453 ; gain = 668.375 ; free physical = 2365 ; free virtual = 82215
---------------------------------------------------------------------------------
---------------------------------------------------------------------------------
Start Handling Custom Attributes
---------------------------------------------------------------------------------
---------------------------------------------------------------------------------
Finished Handling Custom Attributes : Time (s): cpu = 00:00:22 ; elapsed = 00:00:22 . Memory (MB): peak = 2675.453 ; gain = 668.375 ; free physical = 2365 ; free virtual = 82215
---------------------------------------------------------------------------------
---------------------------------------------------------------------------------
Start Renaming Generated Nets
---------------------------------------------------------------------------------
---------------------------------------------------------------------------------
Finished Renaming Generated Nets : Time (s): cpu = 00:00:22 ; elapsed = 00:00:22 . Memory (MB): peak = 2675.453 ; gain = 668.375 ; free physical = 2365 ; free virtual = 82215
---------------------------------------------------------------------------------
---------------------------------------------------------------------------------
Start Writing Synthesis Report
---------------------------------------------------------------------------------

Report BlackBoxes: 
+-+--------------+----------+
| |BlackBox name |Instances |
+-+--------------+----------+
+-+--------------+----------+

Report Cell Usage: 
+------+-----+------+
|      |Cell |Count |
+------+-----+------+
|1     |LUT1 |     2|
|2     |LUT2 |    70|
|3     |LUT3 |     6|
|4     |LUT4 |     9|
|5     |LUT5 |     7|
|6     |LUT6 |    12|
|7     |FDRE |    79|
|8     |FDSE |     1|
+------+-----+------+
---------------------------------------------------------------------------------
Finished Writing Synthesis Report : Time (s): cpu = 00:00:22 ; elapsed = 00:00:22 . Memory (MB): peak = 2675.453 ; gain = 668.375 ; free physical = 2365 ; free virtual = 82215
---------------------------------------------------------------------------------
Synthesis finished with 0 errors, 0 critical warnings and 146 warnings.
Synthesis Optimization Runtime : Time (s): cpu = 00:00:20 ; elapsed = 00:00:21 . Memory (MB): peak = 2675.453 ; gain = 525.594 ; free physical = 2365 ; free virtual = 82215
Synthesis Optimization Complete : Time (s): cpu = 00:00:22 ; elapsed = 00:00:22 . Memory (MB): peak = 2675.461 ; gain = 668.375 ; free physical = 2365 ; free virtual = 82215
INFO: [Project 1-571] Translating synthesized netlist
Netlist sorting complete. Time (s): cpu = 00:00:00 ; elapsed = 00:00:00 . Memory (MB): peak = 2675.461 ; gain = 0.000 ; free physical = 2360 ; free virtual = 82210
INFO: [Project 1-570] Preparing netlist for logic optimization
INFO: [Opt 31-138] Pushed 0 inverter(s) to 0 load pin(s).
Netlist sorting complete. Time (s): cpu = 00:00:00 ; elapsed = 00:00:00 . Memory (MB): peak = 2731.480 ; gain = 0.000 ; free physical = 3024 ; free virtual = 82882
INFO: [Project 1-111] Unisim Transformation Summary:
No Unisim elements were transformed.

Synth Design complete | Checksum: 845d312a
INFO: [Common 17-83] Releasing license: Synthesis
47 Infos, 103 Warnings, 0 Critical Warnings and 0 Errors encountered.
synth_design completed successfully
synth_design: Time (s): cpu = 00:00:29 ; elapsed = 00:00:26 . Memory (MB): peak = 2731.480 ; gain = 1055.582 ; free physical = 3023 ; free virtual = 82881
INFO: [Common 17-2834] synth_design peak Physical Memory [PSS] (MB): overall = 1783.583; main = 1427.740; forked = 360.785
INFO: [Common 17-2834] synth_design peak Virtual Memory [VSS] (MB): overall = 4395.102; main = 2731.484; forked = 1719.645
Write ShapeDB Complete: Time (s): cpu = 00:00:00 ; elapsed = 00:00:00 . Memory (MB): peak = 2755.492 ; gain = 0.000 ; free physical = 3022 ; free virtual = 82881
INFO: [Common 17-1381] The checkpoint '/home/faciraci/Documents/FPGAFermiLab/files/BoardFiles/streamAdder/streamAdder.runs/design_1_s03_mmu_0_synth_1/design_1_s03_mmu_0.dcp' has been generated.
INFO: [Coretcl 2-1648] Added synthesis output to IP cache for IP design_1_s03_mmu_0, cache-ID = e722c5893b8d202f
INFO: [Coretcl 2-1174] Renamed 4 cell refs.
Write ShapeDB Complete: Time (s): cpu = 00:00:00 ; elapsed = 00:00:00 . Memory (MB): peak = 2755.492 ; gain = 0.000 ; free physical = 3012 ; free virtual = 82869
INFO: [Common 17-1381] The checkpoint '/home/faciraci/Documents/FPGAFermiLab/files/BoardFiles/streamAdder/streamAdder.runs/design_1_s03_mmu_0_synth_1/design_1_s03_mmu_0.dcp' has been generated.
INFO: [Vivado 12-24828] Executing command : report_utilization -file design_1_s03_mmu_0_utilization_synth.rpt -pb design_1_s03_mmu_0_utilization_synth.pb
INFO: [Common 17-206] Exiting Vivado at Wed Sep  4 16:23:43 2024...
